Testsuite: swen90006.fotbot.BoundaryTests
Tests run: 19, Failures: 5, Errors: 0, Skipped: 0, Time elapsed: 0.147 sec

Testcase: update_EQ1 took 0.009 sec
	FAILED
expected:<[1000, 2000]> but was:<[0, 2000]>
junit.framework.AssertionFailedError: expected:<[1000, 2000]> but was:<[0, 2000]>
	at swen90006.fotbot.BoundaryTests.update_EQ1(Unknown Source)
	at java.base/jdk.internal.reflect.NativeMethodAccessorImpl.invoke0(Native Method)
	at java.base/jdk.internal.reflect.NativeMethodAccessorImpl.invoke(NativeMethodAccessorImpl.java:62)
	at java.base/jdk.internal.reflect.DelegatingMethodAccessorImpl.invoke(DelegatingMethodAccessorImpl.java:43)

Testcase: update_EQ2 took 0.001 sec
	FAILED
expected:<[0, 1000, 2000]> but was:<[0, 0, 2000]>
junit.framework.AssertionFailedError: expected:<[0, 1000, 2000]> but was:<[0, 0, 2000]>
	at swen90006.fotbot.BoundaryTests.update_EQ2(Unknown Source)
	at java.base/jdk.internal.reflect.NativeMethodAccessorImpl.invoke0(Native Method)
	at java.base/jdk.internal.reflect.NativeMethodAccessorImpl.invoke(NativeMethodAccessorImpl.java:62)
	at java.base/jdk.internal.reflect.DelegatingMethodAccessorImpl.invoke(DelegatingMethodAccessorImpl.java:43)

Testcase: update_EQ3 took 0.001 sec
	FAILED
expected:<[0, 0, 1000, 2000]> but was:<[0, 0, 0, 2000]>
junit.framework.AssertionFailedError: expected:<[0, 0, 1000, 2000]> but was:<[0, 0, 0, 2000]>
	at swen90006.fotbot.BoundaryTests.update_EQ3(Unknown Source)
	at java.base/jdk.internal.reflect.NativeMethodAccessorImpl.invoke0(Native Method)
	at java.base/jdk.internal.reflect.NativeMethodAccessorImpl.invoke(NativeMethodAccessorImpl.java:62)
	at java.base/jdk.internal.reflect.DelegatingMethodAccessorImpl.invoke(DelegatingMethodAccessorImpl.java:43)

Testcase: update_EQ4 took 0.037 sec
Testcase: update_EQ5 took 0.009 sec
Testcase: resister_EQ1 took 0.008 sec
Testcase: resister_EQ2 took 0.001 sec
Testcase: resister_EQ3 took 0 sec
Testcase: resister_EQ4 took 0 sec
Testcase: resister_EQ5 took 0 sec
Testcase: getSteps_EQ1 took 0 sec
	FAILED
expected:<[0, 1000, 2000]> but was:<[0, 0, 2000]>
junit.framework.AssertionFailedError: expected:<[0, 1000, 2000]> but was:<[0, 0, 2000]>
	at swen90006.fotbot.BoundaryTests.getSteps_EQ1(Unknown Source)
	at java.base/jdk.internal.reflect.NativeMethodAccessorImpl.invoke0(Native Method)
	at java.base/jdk.internal.reflect.NativeMethodAccessorImpl.invoke(NativeMethodAccessorImpl.java:62)
	at java.base/jdk.internal.reflect.DelegatingMethodAccessorImpl.invoke(DelegatingMethodAccessorImpl.java:43)

Testcase: getSteps_EQ2 took 0 sec
	FAILED
expected:<[0, 1000, 2000]> but was:<[0, 0, 2000]>
junit.framework.AssertionFailedError: expected:<[0, 1000, 2000]> but was:<[0, 0, 2000]>
	at swen90006.fotbot.BoundaryTests.getSteps_EQ2(Unknown Source)
	at java.base/jdk.internal.reflect.NativeMethodAccessorImpl.invoke0(Native Method)
	at java.base/jdk.internal.reflect.NativeMethodAccessorImpl.invoke(NativeMethodAccessorImpl.java:62)
	at java.base/jdk.internal.reflect.DelegatingMethodAccessorImpl.invoke(DelegatingMethodAccessorImpl.java:43)

Testcase: getSteps_EQ3 took 0 sec
Testcase: getSteps_EQ4 took 0 sec
Testcase: getSteps_EQ5 took 0 sec
Testcase: getSteps_EQ6 took 0.001 sec
Testcase: getSteps_EQ7 took 0 sec
Testcase: resister_EQ1_2 took 0 sec
Testcase: resister_EQ2_2 took 0 sec
